d:\ffffffffffffffff\projects\opencv_facerecognition\opencv_facerecognition\x64\debug\vc140.pdb
d:\ffffffffffffffff\projects\opencv_facerecognition\opencv_facerecognition\x64\debug\mainform.obj
d:\ffffffffffffffff\projects\opencv_facerecognition\opencv_facerecognition\x64\debug\jackylib.obj
d:\ffffffffffffffff\projects\opencv_facerecognition\opencv_facerecognition\x64\debug\.netframework,version=v4.5.assemblyattributes.obj
d:\ffffffffffffffff\projects\opencv_facerecognition\opencv_facerecognition\x64\debug\.netframework,version=v4.5.assemblyattributes.asm
d:\ffffffffffffffff\projects\opencv_facerecognition\x64\debug\opencv_facerecognition.exe
d:\ffffffffffffffff\projects\opencv_facerecognition\x64\debug\opencv_facerecognition.pdb
d:\ffffffffffffffff\projects\opencv_facerecognition\opencv_facerecognition\x64\debug\opencv_facerecognition.mainform.resources
d:\ffffffffffffffff\projects\opencv_facerecognition\opencv_facerecognition\x64\debug\opencv_facerecognition.vcxproj.generateresource.cache
d:\ffffffffffffffff\projects\opencv_facerecognition\opencv_facerecognition\x64\debug\opencv_facerecognition.vcxprojresolveassemblyreference.cache
d:\ffffffffffffffff\projects\opencv_facerecognition\opencv_facerecognition\x64\debug\opencv_f.4645a84d.tlog\cl.command.1.tlog
d:\ffffffffffffffff\projects\opencv_facerecognition\opencv_facerecognition\x64\debug\opencv_f.4645a84d.tlog\cl.read.1.tlog
d:\ffffffffffffffff\projects\opencv_facerecognition\opencv_facerecognition\x64\debug\opencv_f.4645a84d.tlog\cl.write.1.tlog
d:\ffffffffffffffff\projects\opencv_facerecognition\opencv_facerecognition\x64\debug\opencv_f.4645a84d.tlog\link.command.1.tlog
d:\ffffffffffffffff\projects\opencv_facerecognition\opencv_facerecognition\x64\debug\opencv_f.4645a84d.tlog\link.read.1.tlog
d:\ffffffffffffffff\projects\opencv_facerecognition\opencv_facerecognition\x64\debug\opencv_f.4645a84d.tlog\link.write.1.tlog
d:\ffffffffffffffff\projects\opencv_facerecognition\opencv_facerecognition\x64\debug\opencv_f.4645a84d.tlog\metagen.read.1.tlog
d:\ffffffffffffffff\projects\opencv_facerecognition\opencv_facerecognition\x64\debug\opencv_f.4645a84d.tlog\metagen.write.1.tlog
d:\ffffffffffffffff\projects\opencv_facerecognition\opencv_facerecognition\x64\debug\opencv_f.4645a84d.tlog\opencv_facerecognition.write.1u.tlog
d:\ffffffffffffffff\projects\opencv_facerecognition\opencv_facerecognition\x64\debug\opencv_f.4645a84d.tlog\tzres.dll.bi
